2015-10-01 00:24:32 - System.NullReferenceException: Referência de objeto não definida para uma instância de um objeto.
   em Neurotec.ActivationWizard.Misc.TrialLicenseDetails.GetUsed()
   em Neurotec.ActivationWizard.Forms.MainForm.BackgroundWorkerDoWork(Object sender, DoWorkEventArgs e)
   em System.ComponentModel.BackgroundWorker.OnDoWork(DoWorkEventArgs e)
   em System.ComponentModel.BackgroundWorker.WorkerThreadStart(Object argument)
2015-10-01 00:24:43 - System.NullReferenceException: Referência de objeto não definida para uma instância de um objeto.
   em Neurotec.ActivationWizard.Misc.TrialLicenseDetails.GetUsed()
   em Neurotec.ActivationWizard.Forms.MainForm.BackgroundWorkerDoWork(Object sender, DoWorkEventArgs e)
   em System.ComponentModel.BackgroundWorker.OnDoWork(DoWorkEventArgs e)
   em System.ComponentModel.BackgroundWorker.WorkerThreadStart(Object argument)
2015-10-01 00:24:50 - System.NullReferenceException: Referência de objeto não definida para uma instância de um objeto.
   em Neurotec.ActivationWizard.Misc.TrialLicenseDetails.GetUsed()
   em Neurotec.ActivationWizard.Forms.MainForm.BackgroundWorkerDoWork(Object sender, DoWorkEventArgs e)
   em System.ComponentModel.BackgroundWorker.OnDoWork(DoWorkEventArgs e)
   em System.ComponentModel.BackgroundWorker.WorkerThreadStart(Object argument)
2015-10-01 23:43:24 - System.NullReferenceException: Referência de objeto não definida para uma instância de um objeto.
   em Neurotec.ActivationWizard.Misc.TrialLicenseDetails.GetUsed()
   em Neurotec.ActivationWizard.Forms.MainForm.BackgroundWorkerDoWork(Object sender, DoWorkEventArgs e)
   em System.ComponentModel.BackgroundWorker.OnDoWork(DoWorkEventArgs e)
   em System.ComponentModel.BackgroundWorker.WorkerThreadStart(Object argument)
2015-10-01 23:43:56 - System.NullReferenceException: Referência de objeto não definida para uma instância de um objeto.
   em Neurotec.ActivationWizard.Misc.TrialLicenseDetails.GetUsed()
   em Neurotec.ActivationWizard.Forms.MainForm.BackgroundWorkerDoWork(Object sender, DoWorkEventArgs e)
   em System.ComponentModel.BackgroundWorker.OnDoWork(DoWorkEventArgs e)
   em System.ComponentModel.BackgroundWorker.WorkerThreadStart(Object argument)
2015-10-01 23:44:18 - System.NullReferenceException: Referência de objeto não definida para uma instância de um objeto.
   em Neurotec.ActivationWizard.Misc.TrialLicenseDetails.GetUsed()
   em Neurotec.ActivationWizard.Forms.MainForm.BackgroundWorkerDoWork(Object sender, DoWorkEventArgs e)
   em System.ComponentModel.BackgroundWorker.OnDoWork(DoWorkEventArgs e)
   em System.ComponentModel.BackgroundWorker.WorkerThreadStart(Object argument)
