#
# A fatal error has been detected by the Java Runtime Environment:
#
#  EXCEPTION_ACCESS_VIOLATION (0xc0000005) at pc=0x00007ff9f2835aeb, pid=2888, tid=6780
#
# JRE version: Java(TM) SE Runtime Environment (8.0_60-b27) (build 1.8.0_60-b27)
# Java VM: Java HotSpot(TM) 64-Bit Server VM (25.60-b23 mixed mode windows-amd64 compressed oops)
# Problematic frame:
# C  [ntdll.dll+0x35aeb]
#
# Failed to write core dump. Minidumps are not enabled by default on client versions of Windows
#
# If you would like to submit a bug report, please visit:
#   http://bugreport.java.com/bugreport/crash.jsp
# The crash happened outside the Java Virtual Machine in native code.
# See problematic frame for where to report the bug.
#

---------------  T H R E A D  ---------------

Current thread (0x00000000027c9000):  JavaThread "Finalizer" daemon [_thread_in_native, id=6780, stack(0x0000000018590000,0x0000000018690000)]

siginfo: ExceptionCode=0xc0000005, writing address 0x0000000000000024

Registers:
RAX=0x0000000000000000, RBX=0x00007ff9e41609c8, RCX=0x00007ff9e41609c8, RDX=0xffffffffffffffff
RSP=0x000000001868e380, RBP=0x00007ff7be664000, RSI=0x0000000000000000, RDI=0x0000000000000000
R8 =0x0000000000000000, R9 =0x0000000000000000, R10=0x0000000000000000, R11=0x0000000000000064
R12=0x0000000000000000, R13=0x000000001868ee68, R14=0x0000000000000001, R15=0x0000000000000000
RIP=0x00007ff9f2835aeb, EFLAGS=0x0000000000010213

Top of Stack: (sp=0x000000001868e380)
0x000000001868e380:   ffffffffffffffff 00007ff9e41609c8
0x000000001868e390:   0000000000000000 000000001bf3a1a0
0x000000001868e3a0:   000000000099e7d0 000000001868e440
0x000000001868e3b0:   000000001bf44400 00007ff9fffffffa
0x000000001868e3c0:   00007ff7be664000 000000001bf44320
0x000000001868e3d0:   0000000000000000 000000001bf3a1a0
0x000000001868e3e0:   000000000099b050 0000000000000000
0x000000001868e3f0:   0000000000000000 00007ff9ceb83c60
0x000000001868e400:   0000ed06faa6fd08 0000000000000000
0x000000001868e410:   0000000000000003 0000000000000001
0x000000001868e420:   000000001868ee68 0000000000000000
0x000000001868e430:   0000000000000000 0000000000000000
0x000000001868e440:   0000000000000001 00007ff9f2834fe9
0x000000001868e450:   000000001868ee68 0000000000000000
0x000000001868e460:   00007ff9e41609c8 000000000099b050
0x000000001868e470:   00000000027c9000 00007ff9ceb17a20 

Instructions: (pc=0x00007ff9f2835aeb)
0x00007ff9f2835acb:   48 39 7b 18 0f 84 c0 00 00 00 48 83 3b ff 0f 84
0x00007ff9f2835adb:   c3 00 00 00 48 8b 03 44 8b e7 48 83 f8 ff 74 03
0x00007ff9f2835aeb:   ff 40 24 4c 8b 6b 18 4c 8d 35 b7 c5 10 00 33 ed
0x00007ff9f2835afb:   b8 82 03 fe 7f 8a 08 84 c9 0f 85 ae 15 07 00 49 


Register to memory mapping:

RAX=0x0000000000000000 is an unknown value
RBX=0x00007ff9e41609c8 is an unknown value
RCX=0x00007ff9e41609c8 is an unknown value
RDX=0xffffffffffffffff is an unknown value
RSP=0x000000001868e380 is pointing into the stack for thread: 0x00000000027c9000
RBP=0x00007ff7be664000 is an unknown value
RSI=0x0000000000000000 is an unknown value
RDI=0x0000000000000000 is an unknown value
R8 =0x0000000000000000 is an unknown value
R9 =0x0000000000000000 is an unknown value
R10=0x0000000000000000 is an unknown value
R11=0x0000000000000064 is an unknown value
R12=0x0000000000000000 is an unknown value
R13=0x000000001868ee68 is pointing into the stack for thread: 0x00000000027c9000
R14=0x0000000000000001 is an unknown value
R15=0x0000000000000000 is an unknown value


Stack: [0x0000000018590000,0x0000000018690000],  sp=0x000000001868e380,  free space=1016k
Native frames: (J=compiled Java code, j=interpreted, Vv=VM code, C=native code)
C  [ntdll.dll+0x35aeb]
C  [ntdll.dll+0x34fe9]
C  [ntdll.dll+0x34f00]
C  [NDevices.dll+0x9fb8]
C  [NBiometricClient.dll+0x8f9c8]
C  [NBiometricClient.dll+0x8f7a7]
C  [NBiometricClient.dll+0x89e8d]
C  [NCore.dll+0x38c54]
C  [NCore.dll+0x3900e]
C  [NCore.dll+0x3c32b]
C  [jna8495480690915042646.dll+0x176f3]
C  [jna8495480690915042646.dll+0xffe7]
C  [jna8495480690915042646.dll+0xce38]
C  [jna8495480690915042646.dll+0x1009f]
C  [jna8495480690915042646.dll+0x17672]
C  0x0000000002b8798c

Java frames: (J=compiled Java code, j=interpreted, Vv=VM code)
J 926  com.neurotec.lang.NObject.NObjectUnref(Lcom/sun/jna/Pointer;)I (0 bytes) @ 0x0000000002b87912 [0x0000000002b878c0+0x52]
j  com.neurotec.lang.NObject.dispose(Z)V+175
j  com.neurotec.lang.NAbstractDisposable.finalize()V+9
J 763 C1 java.lang.ref.Finalizer.runFinalizer(Lsun/misc/JavaLangAccess;)V (62 bytes) @ 0x0000000002adf7cc [0x0000000002adf240+0x58c]
J 762 C1 java.lang.ref.Finalizer.access$100(Ljava/lang/ref/Finalizer;Lsun/misc/JavaLangAccess;)V (6 bytes) @ 0x0000000002adc49c [0x0000000002adc440+0x5c]
j  java.lang.ref.Finalizer$FinalizerThread.run()V+45
v  ~StubRoutines::call_stub

---------------  P R O C E S S  ---------------

Java Threads: ( => current thread )
  0x0000000018cb1800 JavaThread "Service Thread" daemon [_thread_blocked, id=6088, stack(0x0000000019090000,0x0000000019190000)]
  0x0000000017343800 JavaThread "C1 CompilerThread2" daemon [_thread_blocked, id=4860, stack(0x0000000018b90000,0x0000000018c90000)]
  0x0000000017340800 JavaThread "C2 CompilerThread1" daemon [_thread_blocked, id=1404, stack(0x0000000018a90000,0x0000000018b90000)]
  0x000000001733e800 JavaThread "C2 CompilerThread0" daemon [_thread_blocked, id=5908, stack(0x0000000018990000,0x0000000018a90000)]
  0x000000001733d000 JavaThread "Attach Listener" daemon [_thread_blocked, id=400, stack(0x0000000018890000,0x0000000018990000)]
  0x000000001733c000 JavaThread "Signal Dispatcher" daemon [_thread_blocked, id=2512, stack(0x0000000018790000,0x0000000018890000)]
=>0x00000000027c9000 JavaThread "Finalizer" daemon [_thread_in_native, id=6780, stack(0x0000000018590000,0x0000000018690000)]
  0x00000000027c0800 JavaThread "Reference Handler" daemon [_thread_blocked, id=3580, stack(0x0000000018490000,0x0000000018590000)]
  0x0000000000d6e000 JavaThread "main" [_thread_blocked, id=4828, stack(0x0000000002580000,0x0000000002680000)]

Other Threads:
  0x0000000017307000 VMThread [stack: 0x0000000018390000,0x0000000018490000] [id=3588]
  0x0000000018cf7000 WatcherThread [stack: 0x0000000019190000,0x0000000019290000] [id=5276]

VM state:not at safepoint (normal execution)

VM Mutex/Monitor currently owned by a thread: None

Heap:
 PSYoungGen      total 38400K, used 5885K [0x00000000d5c00000, 0x00000000d8680000, 0x0000000100000000)
  eden space 33280K, 2% used [0x00000000d5c00000,0x00000000d5cc9338,0x00000000d7c80000)
  from space 5120K, 99% used [0x00000000d7c80000,0x00000000d8176448,0x00000000d8180000)
  to   space 5120K, 0% used [0x00000000d8180000,0x00000000d8180000,0x00000000d8680000)
 ParOldGen       total 87552K, used 664K [0x0000000081400000, 0x0000000086980000, 0x00000000d5c00000)
  object space 87552K, 0% used [0x0000000081400000,0x00000000814a6340,0x0000000086980000)
 Metaspace       used 11686K, capacity 11780K, committed 11904K, reserved 1060864K
  class space    used 1343K, capacity 1366K, committed 1408K, reserved 1048576K

Card table byte_map: [0x0000000011b90000,0x0000000011f90000] byte_map_base: 0x0000000011786000

Marking Bits: (ParMarkBitMap*) 0x000000006616a5b0
 Begin Bits: [0x0000000012640000, 0x00000000145f0000)
 End Bits:   [0x00000000145f0000, 0x00000000165a0000)

Polling page: 0x0000000000dd0000

CodeCache: size=245760Kb used=4786Kb max_used=4875Kb free=240973Kb
 bounds [0x00000000027d0000, 0x0000000002ca0000, 0x00000000117d0000]
 total_blobs=1677 nmethods=1266 adapters=324
 compilation: enabled

Compilation events (10 events):
Event: 128.803 Thread 0x0000000017343800 1296       3       com.neurotec.jna.ptr.HNStringByReference::<init> (6 bytes)
Event: 128.822 Thread 0x0000000017343800 nmethod 1296 0x0000000002c946d0 code [0x0000000002c948a0, 0x0000000002c95128]
Event: 128.822 Thread 0x0000000017343800 1297       3       com.neurotec.jna.ptr.HNStringByReference::<init> (13 bytes)
Event: 128.826 Thread 0x0000000017343800 nmethod 1297 0x0000000002c97290 code [0x0000000002c97460, 0x0000000002c97de8]
Event: 128.827 Thread 0x0000000017343800 1298       3       com.neurotec.jna.ptr.HNStringByReference::setValue (21 bytes)
Event: 128.829 Thread 0x0000000017343800 nmethod 1298 0x0000000002c8cf50 code [0x0000000002c8d0c0, 0x0000000002c8d468]
Event: 128.829 Thread 0x0000000017343800 1299       3       com.sun.jna.Pointer::nativeValue (13 bytes)
Event: 128.830 Thread 0x0000000017343800 nmethod 1299 0x00000000029171d0 code [0x0000000002917320, 0x00000000029174b0]
Event: 128.836 Thread 0x0000000017340800 1300   !   4       java.lang.ref.ReferenceQueue::enqueue (119 bytes)
Event: 128.850 Thread 0x0000000017340800 nmethod 1300 0x00000000028cf8d0 code [0x00000000028cfa20, 0x00000000028cfee8]

GC Heap History (6 events):
Event: 5.018 GC heap before
{Heap before GC invocations=1 (full 0):
 PSYoungGen      total 38400K, used 33280K [0x00000000d5c00000, 0x00000000d8680000, 0x0000000100000000)
  eden space 33280K, 100% used [0x00000000d5c00000,0x00000000d7c80000,0x00000000d7c80000)
  from space 5120K, 0% used [0x00000000d8180000,0x00000000d8180000,0x00000000d8680000)
  to   space 5120K, 0% used [0x00000000d7c80000,0x00000000d7c80000,0x00000000d8180000)
 ParOldGen       total 87552K, used 0K [0x0000000081400000, 0x0000000086980000, 0x00000000d5c00000)
  object space 87552K, 0% used [0x0000000081400000,0x0000000081400000,0x0000000086980000)
 Metaspace       used 8587K, capacity 8740K, committed 8960K, reserved 1056768K
  class space    used 984K, capacity 1014K, committed 1024K, reserved 1048576K
Event: 5.032 GC heap after
Heap after GC invocations=1 (full 0):
 PSYoungGen      total 38400K, used 5108K [0x00000000d5c00000, 0x00000000d8680000, 0x0000000100000000)
  eden space 33280K, 0% used [0x00000000d5c00000,0x00000000d5c00000,0x00000000d7c80000)
  from space 5120K, 99% used [0x00000000d7c80000,0x00000000d817d350,0x00000000d8180000)
  to   space 5120K, 0% used [0x00000000d8180000,0x00000000d8180000,0x00000000d8680000)
 ParOldGen       total 87552K, used 435K [0x0000000081400000, 0x0000000086980000, 0x00000000d5c00000)
  object space 87552K, 0% used [0x0000000081400000,0x000000008146cd48,0x0000000086980000)
 Metaspace       used 8587K, capacity 8740K, committed 8960K, reserved 1056768K
  class space    used 984K, capacity 1014K, committed 1024K, reserved 1048576K
}
Event: 5.429 GC heap before
{Heap before GC invocations=2 (full 0):
 PSYoungGen      total 38400K, used 38388K [0x00000000d5c00000, 0x00000000d8680000, 0x0000000100000000)
  eden space 33280K, 100% used [0x00000000d5c00000,0x00000000d7c80000,0x00000000d7c80000)
  from space 5120K, 99% used [0x00000000d7c80000,0x00000000d817d350,0x00000000d8180000)
  to   space 5120K, 0% used [0x00000000d8180000,0x00000000d8180000,0x00000000d8680000)
 ParOldGen       total 87552K, used 435K [0x0000000081400000, 0x0000000086980000, 0x00000000d5c00000)
  object space 87552K, 0% used [0x0000000081400000,0x000000008146cd48,0x0000000086980000)
 Metaspace       used 10633K, capacity 10756K, committed 11008K, reserved 1058816K
  class space    used 1208K, capacity 1238K, committed 1280K, reserved 1048576K
Event: 5.436 GC heap after
Heap after GC invocations=2 (full 0):
 PSYoungGen      total 38400K, used 5090K [0x00000000d5c00000, 0x00000000d8680000, 0x0000000100000000)
  eden space 33280K, 0% used [0x00000000d5c00000,0x00000000d5c00000,0x00000000d7c80000)
  from space 5120K, 99% used [0x00000000d8180000,0x00000000d8678928,0x00000000d8680000)
  to   space 5120K, 0% used [0x00000000d7c80000,0x00000000d7c80000,0x00000000d8180000)
 ParOldGen       total 87552K, used 656K [0x0000000081400000, 0x0000000086980000, 0x00000000d5c00000)
  object space 87552K, 0% used [0x0000000081400000,0x00000000814a4340,0x0000000086980000)
 Metaspace       used 10633K, capacity 10756K, committed 11008K, reserved 1058816K
  class space    used 1208K, capacity 1238K, committed 1280K, reserved 1048576K
}
Event: 128.804 GC heap before
{Heap before GC invocations=3 (full 0):
 PSYoungGen      total 38400K, used 38370K [0x00000000d5c00000, 0x00000000d8680000, 0x0000000100000000)
  eden space 33280K, 100% used [0x00000000d5c00000,0x00000000d7c80000,0x00000000d7c80000)
  from space 5120K, 99% used [0x00000000d8180000,0x00000000d8678928,0x00000000d8680000)
  to   space 5120K, 0% used [0x00000000d7c80000,0x00000000d7c80000,0x00000000d8180000)
 ParOldGen       total 87552K, used 656K [0x0000000081400000, 0x0000000086980000, 0x00000000d5c00000)
  object space 87552K, 0% used [0x0000000081400000,0x00000000814a4340,0x0000000086980000)
 Metaspace       used 11679K, capacity 11780K, committed 11904K, reserved 1060864K
  class space    used 1342K, capacity 1366K, committed 1408K, reserved 1048576K
Event: 128.822 GC heap after
Heap after GC invocations=3 (full 0):
 PSYoungGen      total 38400K, used 5081K [0x00000000d5c00000, 0x00000000d8680000, 0x0000000100000000)
  eden space 33280K, 0% used [0x00000000d5c00000,0x00000000d5c00000,0x00000000d7c80000)
  from space 5120K, 99% used [0x00000000d7c80000,0x00000000d8176448,0x00000000d8180000)
  to   space 5120K, 0% used [0x00000000d8180000,0x00000000d8180000,0x00000000d8680000)
 ParOldGen       total 87552K, used 664K [0x0000000081400000, 0x0000000086980000, 0x00000000d5c00000)
  object space 87552K, 0% used [0x0000000081400000,0x00000000814a6340,0x0000000086980000)
 Metaspace       used 11679K, capacity 11780K, committed 11904K, reserved 1060864K
  class space    used 1342K, capacity 1366K, committed 1408K, reserved 1048576K
}

Deoptimization events (10 events):
Event: 5.077 Thread 0x0000000000d6e000 Uncommon trap: reason=unstable_if action=reinterpret pc=0x0000000002a5c014 method=java.lang.ref.SoftReference.get()Ljava/lang/Object; @ 17
Event: 5.092 Thread 0x0000000000d6e000 Uncommon trap: reason=predicate action=maybe_recompile pc=0x0000000002afd260 method=com.sun.jna.DefaultTypeMapper.lookupConverter(Ljava/lang/Class;Ljava/util/List;)Ljava/lang/Object; @ 16
Event: 5.128 Thread 0x0000000000d6e000 Uncommon trap: reason=null_check action=make_not_entrant pc=0x0000000002afa388 method=com.sun.jna.DefaultTypeMapper.lookupConverter(Ljava/lang/Class;Ljava/util/List;)Ljava/lang/Object; @ 33
Event: 5.436 Thread 0x0000000000d6e000 Uncommon trap: reason=unstable_if action=reinterpret pc=0x0000000002ade284 method=java.lang.ref.SoftReference.get()Ljava/lang/Object; @ 17
Event: 5.516 Thread 0x0000000000d6e000 Uncommon trap: reason=null_check action=make_not_entrant pc=0x0000000002b8ac18 method=com.sun.jna.Native.getConversion(Ljava/lang/Class;Lcom/sun/jna/TypeMapper;)I @ 344
Event: 5.548 Thread 0x0000000000d6e000 Uncommon trap: reason=null_check action=make_not_entrant pc=0x0000000002b8e4c8 method=com.sun.jna.Native$Buffers.isBuffer(Ljava/lang/Class;)Z @ 22
Event: 5.591 Thread 0x0000000000d6e000 Uncommon trap: reason=null_check action=make_not_entrant pc=0x0000000002b9bdb4 method=com.sun.jna.Native.getConversion(Ljava/lang/Class;Lcom/sun/jna/TypeMapper;)I @ 403
Event: 11.630 Thread 0x0000000000d6e000 Uncommon trap: reason=unstable_if action=reinterpret pc=0x0000000002b253e0 method=java.lang.Class.privateGetDeclaredFields(Z)[Ljava/lang/reflect/Field; @ 13
Event: 11.630 Thread 0x0000000000d6e000 Uncommon trap: reason=unstable_if action=reinterpret pc=0x0000000002a4a23c method=java.lang.Class.searchFields([Ljava/lang/reflect/Field;Ljava/lang/String;)Ljava/lang/reflect/Field; @ 20
Event: 128.842 Thread 0x00000000027c9000 Uncommon trap: reason=unstable_if action=reinterpret pc=0x0000000002c290bc method=java.util.regex.Matcher.search(I)Z @ 91

Internal exceptions (10 events):
Event: 5.614 Thread 0x0000000000d6e000 Exception <a 'java/lang/UnsatisfiedLinkError': Não foi possível encontrar o procedimento especificado.
> (0x00000000d69cf0e8) thrown at [C:\re\workspace\8-2-build-windows-amd64-cygwin\jdk8u60\4407\hotspot\src\share\vm\prims\jni.cpp, line 735]
Event: 5.614 Thread 0x0000000000d6e000 Exception <a 'java/lang/UnsatisfiedLinkError': Não foi possível encontrar o procedimento especificado.
> (0x00000000d69d3748) thrown at [C:\re\workspace\8-2-build-windows-amd64-cygwin\jdk8u60\4407\hotspot\src\share\vm\prims\jni.cpp, line 735]
Event: 5.614 Thread 0x0000000000d6e000 Exception <a 'java/lang/UnsatisfiedLinkError': Não foi possível encontrar o procedimento especificado.
> (0x00000000d69d95d0) thrown at [C:\re\workspace\8-2-build-windows-amd64-cygwin\jdk8u60\4407\hotspot\src\share\vm\prims\jni.cpp, line 735]
Event: 5.615 Thread 0x0000000000d6e000 Exception <a 'java/lang/UnsatisfiedLinkError': Não foi possível encontrar o procedimento especificado.
> (0x00000000d69dd390) thrown at [C:\re\workspace\8-2-build-windows-amd64-cygwin\jdk8u60\4407\hotspot\src\share\vm\prims\jni.cpp, line 735]
Event: 5.615 Thread 0x0000000000d6e000 Exception <a 'java/lang/UnsatisfiedLinkError': Não foi possível encontrar o procedimento especificado.
> (0x00000000d69e10b0) thrown at [C:\re\workspace\8-2-build-windows-amd64-cygwin\jdk8u60\4407\hotspot\src\share\vm\prims\jni.cpp, line 735]
Event: 5.615 Thread 0x0000000000d6e000 Exception <a 'java/lang/UnsatisfiedLinkError': Não foi possível encontrar o procedimento especificado.
> (0x00000000d69e6e90) thrown at [C:\re\workspace\8-2-build-windows-amd64-cygwin\jdk8u60\4407\hotspot\src\share\vm\prims\jni.cpp, line 735]
Event: 5.615 Thread 0x0000000000d6e000 Exception <a 'java/lang/UnsatisfiedLinkError': Não foi possível encontrar o procedimento especificado.
> (0x00000000d69ecda8) thrown at [C:\re\workspace\8-2-build-windows-amd64-cygwin\jdk8u60\4407\hotspot\src\share\vm\prims\jni.cpp, line 735]
Event: 5.616 Thread 0x0000000000d6e000 Exception <a 'java/lang/UnsatisfiedLinkError': Não foi possível encontrar o procedimento especificado.
> (0x00000000d69f26c8) thrown at [C:\re\workspace\8-2-build-windows-amd64-cygwin\jdk8u60\4407\hotspot\src\share\vm\prims\jni.cpp, line 735]
Event: 5.618 Thread 0x0000000000d6e000 Exception <a 'java/lang/UnsatisfiedLinkError': Não foi possível encontrar o procedimento especificado.
> (0x00000000d69ffc68) thrown at [C:\re\workspace\8-2-build-windows-amd64-cygwin\jdk8u60\4407\hotspot\src\share\vm\prims\jni.cpp, line 735]
Event: 5.624 Thread 0x0000000000d6e000 Exception <a 'java/lang/UnsatisfiedLinkError': Não foi possível encontrar o procedimento especificado.
> (0x00000000d6a32d20) thrown at [C:\re\workspace\8-2-build-windows-amd64-cygwin\jdk8u60\4407\hotspot\src\share\vm\prims\jni.cpp, line 735]

Events (10 events):
Event: 128.839 loading class org/sqlite/SQLiteErrorCode done
Event: 128.842 Thread 0x00000000027c9000 Uncommon trap: trap_request=0xffffff65 fr.pc=0x0000000002c290bc
Event: 128.842 Thread 0x00000000027c9000 DEOPT PACKING pc=0x0000000002c290bc sp=0x000000001868ea90
Event: 128.842 Thread 0x00000000027c9000 DEOPT UNPACKING pc=0x000000000281582a sp=0x000000001868ea60 mode 2
Event: 128.843 Executing VM operation: RevokeBias
Event: 128.843 Executing VM operation: RevokeBias done
Event: 128.843 Executing VM operation: BulkRevokeBias
Event: 128.843 Executing VM operation: BulkRevokeBias done
Event: 128.850 Thread 0x0000000017340800 flushing nmethod 0x0000000002965ad0
Event: 128.850 Thread 0x0000000017340800 flushing nmethod 0x0000000002983050


Dynamic libraries:
0x00007ff7bf0f0000 - 0x00007ff7bf127000 	C:\Program Files\Java\jdk1.8.0_60\bin\java.exe
0x00007ff9f2800000 - 0x00007ff9f29c1000 	C:\WINDOWS\SYSTEM32\ntdll.dll
0x00007ff9f0bb0000 - 0x00007ff9f0c5d000 	C:\WINDOWS\system32\KERNEL32.DLL
0x00007ff9efcf0000 - 0x00007ff9efecd000 	C:\WINDOWS\system32\KERNELBASE.dll
0x00007ff9f1120000 - 0x00007ff9f11c6000 	C:\WINDOWS\system32\ADVAPI32.dll
0x00007ff9f08e0000 - 0x00007ff9f097d000 	C:\WINDOWS\system32\msvcrt.dll
0x00007ff9f0060000 - 0x00007ff9f00bb000 	C:\WINDOWS\system32\sechost.dll
0x00007ff9f0120000 - 0x00007ff9f0246000 	C:\WINDOWS\system32\RPCRT4.dll
0x00007ff9f0790000 - 0x00007ff9f08de000 	C:\WINDOWS\system32\USER32.dll
0x00007ff9f0d10000 - 0x00007ff9f0e96000 	C:\WINDOWS\system32\GDI32.dll
0x00007ff9e7a00000 - 0x00007ff9e7c74000 	C:\WINDOWS\WinSxS\amd64_microsoft.windows.common-controls_6595b64144ccf1df_6.0.10240.16384_none_f41f7b285750ef43\COMCTL32.dll
0x00007ff9f0020000 - 0x00007ff9f0056000 	C:\WINDOWS\system32\IMM32.DLL
0x00007ff9f0980000 - 0x00007ff9f0adc000 	C:\WINDOWS\system32\MSCTF.dll
0x0000000065880000 - 0x0000000065952000 	C:\Program Files\Java\jdk1.8.0_60\jre\bin\msvcr100.dll
0x0000000065960000 - 0x00000000661e9000 	C:\Program Files\Java\jdk1.8.0_60\jre\bin\server\jvm.dll
0x00007ff9f1240000 - 0x00007ff9f1248000 	C:\WINDOWS\system32\PSAPI.DLL
0x00007ff9ed770000 - 0x00007ff9ed779000 	C:\WINDOWS\SYSTEM32\WSOCK32.dll
0x00007ff9ed710000 - 0x00007ff9ed733000 	C:\WINDOWS\SYSTEM32\WINMM.dll
0x00007ff9f11d0000 - 0x00007ff9f1239000 	C:\WINDOWS\system32\WS2_32.dll
0x00007ff9f27f0000 - 0x00007ff9f27f8000 	C:\WINDOWS\system32\NSI.dll
0x00007ff9e8f60000 - 0x00007ff9e8f6a000 	C:\WINDOWS\SYSTEM32\VERSION.dll
0x00007ff9ed6e0000 - 0x00007ff9ed70c000 	C:\WINDOWS\SYSTEM32\WINMMBASE.dll
0x00007ff9ef610000 - 0x00007ff9ef654000 	C:\WINDOWS\system32\cfgmgr32.dll
0x00007ff9edd20000 - 0x00007ff9edd47000 	C:\WINDOWS\SYSTEM32\DEVOBJ.dll
0x0000000066aa0000 - 0x0000000066aaf000 	C:\Program Files\Java\jdk1.8.0_60\jre\bin\verify.dll
0x0000000065810000 - 0x0000000065839000 	C:\Program Files\Java\jdk1.8.0_60\jre\bin\java.dll
0x0000000066a80000 - 0x0000000066a96000 	C:\Program Files\Java\jdk1.8.0_60\jre\bin\zip.dll
0x00007ff9f1250000 - 0x00007ff9f2772000 	C:\WINDOWS\system32\SHELL32.dll
0x00007ff9ef6c0000 - 0x00007ff9efce8000 	C:\WINDOWS\system32\windows.storage.dll
0x00007ff9f0ea0000 - 0x00007ff9f111c000 	C:\WINDOWS\system32\combase.dll
0x00007ff9f0ae0000 - 0x00007ff9f0b31000 	C:\WINDOWS\system32\shlwapi.dll
0x00007ff9ef230000 - 0x00007ff9ef23f000 	C:\WINDOWS\system32\kernel.appcore.dll
0x00007ff9ef4a0000 - 0x00007ff9ef553000 	C:\WINDOWS\system32\shcore.dll
0x00007ff9ef280000 - 0x00007ff9ef2ca000 	C:\WINDOWS\system32\powrprof.dll
0x00007ff9ef260000 - 0x00007ff9ef273000 	C:\WINDOWS\system32\profapi.dll
0x00007ff9eeaa0000 - 0x00007ff9eeab7000 	C:\WINDOWS\SYSTEM32\CRYPTSP.dll
0x00007ff9ef160000 - 0x00007ff9ef188000 	C:\WINDOWS\SYSTEM32\bcrypt.dll
0x00007ff9ee6f0000 - 0x00007ff9ee723000 	C:\WINDOWS\system32\rsaenh.dll
0x00007ff9ee8d0000 - 0x00007ff9ee8ef000 	C:\WINDOWS\SYSTEM32\USERENV.dll
0x00007ff9eeff0000 - 0x00007ff9ef05b000 	C:\WINDOWS\system32\bcryptprimitives.dll
0x00007ff9eebf0000 - 0x00007ff9eebfb000 	C:\WINDOWS\SYSTEM32\CRYPTBASE.dll
0x00000000657f0000 - 0x000000006580a000 	C:\Program Files\Java\jdk1.8.0_60\jre\bin\net.dll
0x00007ff9eea40000 - 0x00007ff9eea9d000 	C:\WINDOWS\system32\mswsock.dll
0x00007ff9ea570000 - 0x00007ff9ea5a8000 	C:\WINDOWS\SYSTEM32\IPHLPAPI.DLL
0x00007ff9ea560000 - 0x00007ff9ea56b000 	C:\WINDOWS\SYSTEM32\WINNSI.DLL
0x00007ff9e99d0000 - 0x00007ff9e99e6000 	C:\WINDOWS\SYSTEM32\dhcpcsvc6.DLL
0x00007ff9e99b0000 - 0x00007ff9e99ca000 	C:\WINDOWS\SYSTEM32\dhcpcsvc.DLL
0x00000000657d0000 - 0x00000000657e1000 	C:\Program Files\Java\jdk1.8.0_60\jre\bin\nio.dll
0x000000006d580000 - 0x000000006d63d000 	C:\Users\Claudio\AppData\Local\Temp\sqlite-3.8.11.2-746be662-97e7-4936-9f3a-5c39f61c250e-sqlitejdbc.dll
0x00007ff9e4250000 - 0x00007ff9e4287000 	C:\Users\Claudio\AppData\Local\Temp\jna-Claudio\jna8495480690915042646.dll
0x00007ff9ceae0000 - 0x00007ff9cec79000 	C:\Program Files (x86)\Neurotechnology\Neurotec Biometric 6.0 SDK Trial\Bin\Win64_x64\NCore.dll
0x00007ff9f0440000 - 0x00007ff9f04fe000 	C:\WINDOWS\system32\OLEAUT32.dll
0x00007ff9e4170000 - 0x00007ff9e4244000 	C:\Program Files (x86)\Neurotechnology\Neurotec Biometric 6.0 SDK Trial\Bin\Win64_x64\MSVCR110.dll
0x00007ff9da500000 - 0x00007ff9da68a000 	C:\WINDOWS\SYSTEM32\dbghelp.dll
0x00007ff9dd110000 - 0x00007ff9dd166000 	C:\Program Files (x86)\Neurotechnology\Neurotec Biometric 6.0 SDK Trial\Bin\Win64_x64\NLicensing.dll
0x00007ff9eb8f0000 - 0x00007ff9eb8fa000 	C:\WINDOWS\system32\wshqos.dll
0x00007ff9eb8e0000 - 0x00007ff9eb8e8000 	C:\WINDOWS\SYSTEM32\wshtcpip.DLL
0x00007ff9eb8d0000 - 0x00007ff9eb8d8000 	C:\WINDOWS\SYSTEM32\wship6.dll
0x00007ff9ee570000 - 0x00007ff9ee5a2000 	C:\WINDOWS\SYSTEM32\ntmarta.dll
0x00007ff9ee7e0000 - 0x00007ff9ee888000 	C:\WINDOWS\SYSTEM32\DNSAPI.dll
0x00007ff9e8ba0000 - 0x00007ff9e8c08000 	C:\WINDOWS\System32\fwpuclnt.dll
0x00007ff9eb990000 - 0x00007ff9eb99a000 	C:\Windows\System32\rasadhlp.dll
0x00007ff9cae30000 - 0x00007ff9cafe8000 	C:\Program Files (x86)\Neurotechnology\Neurotec Biometric 6.0 SDK Trial\Bin\Win64_x64\NMedia.dll
0x00007ff9efed0000 - 0x00007ff9f0011000 	C:\WINDOWS\system32\ole32.dll
0x00007ff9cea70000 - 0x00007ff9ceadc000 	C:\Program Files (x86)\Neurotechnology\Neurotec Biometric 6.0 SDK Trial\Bin\Win64_x64\NMediaProc.dll
0x00007ff9c7df0000 - 0x00007ff9c83a2000 	C:\Program Files (x86)\Neurotechnology\Neurotec Biometric 6.0 SDK Trial\Bin\Win64_x64\NBiometrics.dll
0x00007ff9e4130000 - 0x00007ff9e4166000 	C:\Program Files (x86)\Neurotechnology\Neurotec Biometric 6.0 SDK Trial\Bin\Win64_x64\NDevices.dll
0x00007ff9f0250000 - 0x00007ff9f0415000 	C:\WINDOWS\system32\SETUPAPI.dll
0x00007ff9c7ce0000 - 0x00007ff9c7de8000 	C:\Program Files (x86)\Neurotechnology\Neurotec Biometric 6.0 SDK Trial\Bin\Win64_x64\NBiometricClient.dll
0x00007ff9ce330000 - 0x00007ff9ce3e0000 	C:\WINDOWS\SYSTEM32\ODBC32.dll
0x00007ff9ee650000 - 0x00007ff9ee65a000 	C:\WINDOWS\SYSTEM32\DPAPI.dll
0x00007ff9edc80000 - 0x00007ff9edd16000 	C:\WINDOWS\system32\uxtheme.dll
0x00007ff9ed2b0000 - 0x00007ff9ed2d2000 	C:\WINDOWS\system32\dwmapi.dll
0x00007ff9cd6b0000 - 0x00007ff9cd75d000 	C:\Program Files (x86)\Neurotechnology\Neurotec Biometric 6.0 SDK Trial\Bin\Win64_x64\FScanners\NdmDermalog\DermalogLF.dll
0x0000000180000000 - 0x0000000180524000 	C:\Program Files (x86)\Neurotechnology\Neurotec Biometric 6.0 SDK Trial\Bin\Win64_x64\FScanners\NdmDermalog\DermalogLiveScannerLF1.dll
0x000000001c210000 - 0x000000001c38f000 	C:\Program Files (x86)\Neurotechnology\Neurotec Biometric 6.0 SDK Trial\Bin\Win64_x64\FScanners\NdmDermalog\DermalogLiveScannerZF1.dll
0x000000001c390000 - 0x000000001c511000 	C:\Program Files (x86)\Neurotechnology\Neurotec Biometric 6.0 SDK Trial\Bin\Win64_x64\FScanners\NdmDermalog\DermalogLiveScannerZF2.dll
0x000000001c520000 - 0x000000001c696000 	C:\Program Files (x86)\Neurotechnology\Neurotec Biometric 6.0 SDK Trial\Bin\Win64_x64\FScanners\NdmDermalog\DermalogLiveScannerZF10.dll
0x000000001c6a0000 - 0x000000001c7c8000 	C:\Program Files (x86)\Neurotechnology\Neurotec Biometric 6.0 SDK Trial\Bin\Win64_x64\FScanners\NdmDermalog\DermalogCalibrateSDK.dll
0x000000001c940000 - 0x000000001cb10000 	C:\Program Files (x86)\Neurotechnology\Neurotec Biometric 6.0 SDK Trial\Bin\Win64_x64\FScanners\NdmDermalog\DermalogLFScanAPI.dll
0x000000001c830000 - 0x000000001c8cc000 	C:\Program Files (x86)\Neurotechnology\Neurotec Biometric 6.0 SDK Trial\Bin\Win64_x64\FScanners\NdmDermalog\DermalogLiveScannerAPI.dll
0x000000001cc30000 - 0x000000001ce2a000 	C:\Program Files (x86)\Neurotechnology\Neurotec Biometric 6.0 SDK Trial\Bin\Win64_x64\FScanners\NdmDermalog\DermalogLiveScannerLF10.dll
0x00007ff9c7bb0000 - 0x00007ff9c7cd9000 	C:\Program Files (x86)\Neurotechnology\Neurotec Biometric 6.0 SDK Trial\Bin\Win64_x64\FScanners\NdmDermalog\ZFScanAPI.dll
0x000000001cfa0000 - 0x000000001d0c2000 	C:\Program Files (x86)\Neurotechnology\Neurotec Biometric 6.0 SDK Trial\Bin\Win64_x64\FScanners\NdmDermalog\DermalogVC3.dll
0x00007ff9f0500000 - 0x00007ff9f05d7000 	C:\WINDOWS\system32\COMDLG32.dll
0x00007ff9d6b20000 - 0x00007ff9d6b2b000 	C:\WINDOWS\SYSTEM32\WinUSB.DLL
0x00007ff9ee180000 - 0x00007ff9ee18c000 	C:\WINDOWS\SYSTEM32\hid.dll
0x00007ff9ef660000 - 0x00007ff9ef6b4000 	C:\WINDOWS\system32\WINTRUST.dll
0x00007ff9ef240000 - 0x00007ff9ef251000 	C:\WINDOWS\system32\MSASN1.dll
0x00007ff9ef2d0000 - 0x00007ff9ef491000 	C:\WINDOWS\system32\CRYPT32.dll
0x00007ff9e8fc0000 - 0x00007ff9e9050000 	C:\WINDOWS\SYSTEM32\DPFPApi.DLL
0x00007ff9e6a90000 - 0x00007ff9e6adc000 	C:\WINDOWS\system32\DPCLBACK.dll
0x00007ff9e9460000 - 0x00007ff9e9477000 	C:\WINDOWS\SYSTEM32\NETAPI32.dll
0x00007ff9e97c0000 - 0x00007ff9e97d6000 	C:\WINDOWS\SYSTEM32\wkscli.dll
0x00007ff9ee490000 - 0x00007ff9ee4b6000 	C:\WINDOWS\SYSTEM32\srvcli.dll
0x00007ff9ee480000 - 0x00007ff9ee48c000 	C:\WINDOWS\SYSTEM32\netutils.dll
0x00007ff9c9590000 - 0x00007ff9c9617000 	C:\Program Files (x86)\Neurotechnology\Neurotec Biometric 6.0 SDK Trial\Bin\Win64_x64\FScanners\NdmIntegratedBiometricsIBScanUltimate\IBScanUltimate.dll
0x0000000066690000 - 0x0000000066763000 	C:\WINDOWS\WinSxS\amd64_microsoft.vc90.crt_1fc8b3b9a1e18e3b_9.0.30729.9158_none_08e47e47a83d53d6\MSVCP90.dll
0x0000000066ab0000 - 0x0000000066b53000 	C:\WINDOWS\WinSxS\amd64_microsoft.vc90.crt_1fc8b3b9a1e18e3b_9.0.30729.9158_none_08e47e47a83d53d6\MSVCR90.dll
0x0000000064d20000 - 0x0000000065204000 	C:\WINDOWS\WinSxS\amd64_microsoft.vc90.mfc_1fc8b3b9a1e18e3b_9.0.30729.4148_none_04480933ab2137b1\mfc90.dll
0x00007ff9e1790000 - 0x00007ff9e1797000 	C:\WINDOWS\SYSTEM32\MSIMG32.dll
0x000000001d7a0000 - 0x000000001d7d3000 	C:\Program Files (x86)\Neurotechnology\Neurotec Biometric 6.0 SDK Trial\Bin\Win64_x64\FScanners\NdmSecuGen\sgfpamx.dll
0x00007ff9ef100000 - 0x00007ff9ef158000 	C:\WINDOWS\SYSTEM32\WINSTA.dll

VM Arguments:
jvm_args: -Dfile.encoding=UTF-8 
java_command: bioserver.BioServer
java_class_path (initial): C:\Users\Claudio\Documents\NetBeansProjects\Biometrics\Libs\jna.jar;C:\Users\Claudio\Documents\NetBeansProjects\Biometrics\Libs\json.jar;C:\Users\Claudio\Documents\NetBeansProjects\Biometrics\Libs\neurotec-biometrics-client-javadoc.jar;C:\Users\Claudio\Documents\NetBeansProjects\Biometrics\Libs\neurotec-biometrics-client.jar;C:\Users\Claudio\Documents\NetBeansProjects\Biometrics\Libs\neurotec-biometrics-javadoc.jar;C:\Users\Claudio\Documents\NetBeansProjects\Biometrics\Libs\neurotec-biometrics.jar;C:\Users\Claudio\Documents\NetBeansProjects\Biometrics\Libs\neurotec-core-javadoc.jar;C:\Users\Claudio\Documents\NetBeansProjects\Biometrics\Libs\neurotec-core.jar;C:\Users\Claudio\Documents\NetBeansProjects\Biometrics\Libs\neurotec-devices-javadoc.jar;C:\Users\Claudio\Documents\NetBeansProjects\Biometrics\Libs\neurotec-devices.jar;C:\Users\Claudio\Documents\NetBeansProjects\Biometrics\Libs\neurotec-licensing-javadoc.jar;C:\Users\Claudio\Documents\NetBeansProjects\Biometrics\Libs\neurotec-licensing.jar;C:\Users\Claudio\Documents\NetBeansProjects\Biometrics\Libs\neurotec-media-javadoc.jar;C:\Users\Claudio\Documents\NetBeansProjects\Biometrics\Libs\neurotec-media-processing-javadoc.jar;C:\Users\Claudio\Documents\NetBeansProjects\Biometrics\Libs\neurotec-media-processing.jar;C:\Users\Claudio\Documents\NetBeansProjects\Biometrics\Libs\neurotec-media.jar;C:\Users\Claudio\Documents\NetBeansProjects\Biometrics\Libs\samples-utils.jar;C:\Users\Claudio\Documents\NetBeansProjects\Biometrics\Libs\sqlite-jdbc-3.8.11.2.jar;C:\Users\Claudio\Documents\NetBeansProjects\Biometrics\Biometrics\build\classes;C:\Users\Claudio\Documents\NetBeansProjects\Biometrics\BioServer\build\classes
Launcher Type: SUN_STANDARD

Environment Variables:
CLASSPATH=.;.;C:\PROGRA~2\JMF21~1.1E\lib\sound.jar;C:\PROGRA~2\JMF21~1.1E\lib\jmf.jar;C:\PROGRA~2\JMF21~1.1E\lib;
PATH=C:\ProgramData\Oracle\Java\javapath;C:\Program Files (x86)\Intel\iCLS Client\;C:\Program Files\Intel\iCLS Client\;C:\WINDOWS\system32;C:\WINDOWS;C:\WINDOWS\System32\Wbem;C:\WINDOWS\System32\WindowsPowerShell\v1.0\;C:\Program Files\Intel\Intel(R) Management Engine Components\DAL;C:\Program Files (x86)\Intel\Intel(R) Management Engine Components\DAL;C:\Program Files\Intel\Intel(R) Management Engine Components\IPT;C:\Program Files (x86)\Intel\Intel(R) Management Engine Components\IPT;C:\WINDOWS\system32\config\systemprofile\.dnx\bin;C:\Program Files\Microsoft DNX\Dnvm\;C:\Program Files (x86)\Windows Kits\8.1\Windows Performance Toolkit\;C:\Program Files (x86)\Skype\Phone\;C:\Program Files (x86)\Veridis\Biometric SDK\bin\x86;C:\Program Files (x86)\Neurotechnology\FreeFingerprintVerificationSDK 1.0\bin\Win32_x86;C:\Program Files\Java\jdk1.8.0_60\bin;C:\Program Files\nodejs\;C:\Ruby21-x64\bin;C:\Ruby22-x64\bin;C:\Users\Claudio\AppData\Roaming\npm
USERNAME=Claudio
OS=Windows_NT
PROCESSOR_IDENTIFIER=Intel64 Family 6 Model 61 Stepping 4, GenuineIntel



---------------  S Y S T E M  ---------------

OS: Windows 10.0 , 64 bit Build 10240 (10.0.10240.16384)

CPU:total 4 (2 cores per cpu, 2 threads per core) family 6 model 61 stepping 4, cmov, cx8, fxsr, mmx, sse, sse2, sse3, ssse3, sse4.1, sse4.2, popcnt, avx, avx2, aes, clmul, erms, 3dnowpref, lzcnt, ht, tsc, tscinvbit, bmi1, bmi2, adx

Memory: 4k page, physical 8302120k(4564632k free), swap 9612840k(5233788k free)

vm_info: Java HotSpot(TM) 64-Bit Server VM (25.60-b23) for windows-amd64 JRE (1.8.0_60-b27), built on Aug  4 2015 11:06:27 by "java_re" with MS VC++ 10.0 (VS2010)

time: Tue Nov 24 00:02:46 2015
elapsed time: 128 seconds (0d 0h 2m 8s)

